#
# There is insufficient memory for the Java Runtime Environment to continue.
# Native memory allocation (malloc) failed to allocate 299392 bytes for Chunk::new
# Possible reasons:
#   The system is out of physical RAM or swap space
#   In 32 bit mode, the process size limit was hit
# Possible solutions:
#   Reduce memory load on the system
#   Increase physical memory or swap space
#   Check if swap backing store is full
#   Use 64 bit Java on a 64 bit OS
#   Decrease Java heap size (-Xmx/-Xms)
#   Decrease number of Java threads
#   Decrease Java thread stack sizes (-Xss)
#   Set larger code cache with -XX:ReservedCodeCacheSize=
# This output file may be truncated or incomplete.
#
#  Out of Memory Error (allocation.cpp:323), pid=2868, tid=7752
#
# JRE version: Java(TM) SE Runtime Environment (7.0_51-b13) (build 1.7.0_51-b13)
# Java VM: Java HotSpot(TM) 64-Bit Server VM (24.51-b03 mixed mode windows-amd64 compressed oops)
# Failed to write core dump. Minidumps are not enabled by default on client versions of Windows
#

---------------  T H R E A D  ---------------

Current thread (0x000000000953a800):  JavaThread "C2 CompilerThread1" daemon [_thread_in_native, id=7752, stack(0x00000000099e0000,0x0000000009ae0000)]

Stack: [0x00000000099e0000,0x0000000009ae0000]

Current CompileTask:
C2:  16367  515             sl.org.objectweb.asm.ClassReader::b (1124 bytes)


---------------  P R O C E S S  ---------------

Java Threads: ( => current thread )
  0x000000000a329800 JavaThread "FileSystemWatcher: files=#37 cl=groovy.lang.GroovyClassLoader@2ed278f5" daemon [_thread_blocked, id=2664, stack(0x000000000cb50000,0x000000000cc50000)]
  0x000000000bde1800 JavaThread "localhost-startStop-1" daemon [_thread_in_native, id=8140, stack(0x000000000ca50000,0x000000000cb50000)]
  0x000000000a0df800 JavaThread "Tomcat-startStop-1" daemon [_thread_blocked, id=9536, stack(0x000000000b7b0000,0x000000000b8b0000)]
  0x000000000a899000 JavaThread "Thread-3" [_thread_in_native, id=3588, stack(0x000000000c950000,0x000000000ca50000)]
  0x000000000b07f800 JavaThread "Thread-2" [_thread_blocked, id=9776, stack(0x000000000b6b0000,0x000000000b7b0000)]
  0x0000000009d0f000 JavaThread "NonBlockingInputStreamThread" daemon [_thread_blocked, id=4092, stack(0x000000000a5e0000,0x000000000a6e0000)]
  0x0000000009557800 JavaThread "Service Thread" daemon [_thread_blocked, id=11960, stack(0x0000000009ae0000,0x0000000009be0000)]
=>0x000000000953a800 JavaThread "C2 CompilerThread1" daemon [_thread_in_native, id=7752, stack(0x00000000099e0000,0x0000000009ae0000)]
  0x000000000955d000 JavaThread "C2 CompilerThread0" daemon [_thread_blocked, id=9164, stack(0x00000000098e0000,0x00000000099e0000)]
  0x000000000859f000 JavaThread "Attach Listener" daemon [_thread_blocked, id=10508, stack(0x00000000093e0000,0x00000000094e0000)]
  0x000000000859d800 JavaThread "Signal Dispatcher" daemon [_thread_blocked, id=2832, stack(0x00000000092e0000,0x00000000093e0000)]
  0x0000000008549000 JavaThread "Finalizer" daemon [_thread_blocked, id=5864, stack(0x00000000091e0000,0x00000000092e0000)]
  0x000000000853f000 JavaThread "Reference Handler" daemon [_thread_blocked, id=8388, stack(0x00000000090e0000,0x00000000091e0000)]
  0x0000000002b72800 JavaThread "main" [_thread_blocked, id=1864, stack(0x00000000028e0000,0x00000000029e0000)]

Other Threads:
  0x000000000853c800 VMThread [stack: 0x0000000008fe0000,0x00000000090e0000] [id=1656]
  0x00000000095a3000 WatcherThread [stack: 0x0000000009be0000,0x0000000009ce0000] [id=12008]

VM state:not at safepoint (normal execution)

VM Mutex/Monitor currently owned by a thread: None

Heap
 PSYoungGen      total 99328K, used 56992K [0x00000000f0000000, 0x00000000f6680000, 0x0000000100000000)
  eden space 93696K, 57% used [0x00000000f0000000,0x00000000f3476da8,0x00000000f5b80000)
  from space 5632K, 58% used [0x00000000f5b80000,0x00000000f5eb13b0,0x00000000f6100000)
  to   space 4096K, 0% used [0x00000000f6280000,0x00000000f6280000,0x00000000f6680000)
 ParOldGen       total 44032K, used 21943K [0x00000000d0000000, 0x00000000d2b00000, 0x00000000f0000000)
  object space 44032K, 49% used [0x00000000d0000000,0x00000000d156dcb0,0x00000000d2b00000)
 PSPermGen       total 30208K, used 29732K [0x00000000c0000000, 0x00000000c1d80000, 0x00000000d0000000)
  object space 30208K, 98% used [0x00000000c0000000,0x00000000c1d09018,0x00000000c1d80000)

Card table byte_map: [0x0000000005d30000,0x0000000005f40000] byte_map_base: 0x0000000005730000

Polling page: 0x0000000000c80000

Code Cache  [0x0000000002c70000, 0x0000000002f80000, 0x0000000005c70000)
 total_blobs=1058 nmethods=477 adapters=534 free_code_cache=46107Kb largest_free_block=47157248

Compilation events (10 events):
Event: 16.161 Thread 0x000000000955d000 nmethod 510 0x0000000002edbe50 code [0x0000000002edbfe0, 0x0000000002edc400]
Event: 16.193 Thread 0x000000000953a800  511             sl.org.objectweb.asm.Edge::<init> (5 bytes)
Event: 16.193 Thread 0x000000000953a800 nmethod 511 0x0000000002f0ba50 code [0x0000000002f0bb80, 0x0000000002f0bbd8]
Event: 16.211 Thread 0x000000000955d000  512             sl.org.objectweb.asm.ClassReader::a (133 bytes)
Event: 16.214 Thread 0x000000000953a800  513             sl.org.objectweb.asm.Label::<init> (5 bytes)
Event: 16.215 Thread 0x000000000953a800 nmethod 513 0x0000000002eb2050 code [0x0000000002eb2180, 0x0000000002eb21d8]
Event: 16.215 Thread 0x000000000953a800  514             sl.org.objectweb.asm.ByteVector::putInt (74 bytes)
Event: 16.216 Thread 0x000000000953a800 nmethod 514 0x0000000002eb1c50 code [0x0000000002eb1da0, 0x0000000002eb1f28]
Event: 16.217 Thread 0x000000000955d000 nmethod 512 0x0000000002f2ec10 code [0x0000000002f2ed80, 0x0000000002f2f1a8]
Event: 16.280 Thread 0x000000000953a800  515             sl.org.objectweb.asm.ClassReader::b (1124 bytes)

GC Heap History (10 events):
Event: 12.200 GC heap before
{Heap before GC invocations=20 (full 1):
 PSYoungGen      total 97792K, used 95727K [0x00000000f0000000, 0x00000000f6680000, 0x0000000100000000)
  eden space 93696K, 97% used [0x00000000f0000000,0x00000000f597bca8,0x00000000f5b80000)
  from space 4096K, 100% used [0x00000000f6280000,0x00000000f6680000,0x00000000f6680000)
  to   space 5632K, 0% used [0x00000000f5b80000,0x00000000f5b80000,0x00000000f6100000)
 ParOldGen       total 44032K, used 15633K [0x00000000d0000000, 0x00000000d2b00000, 0x00000000f0000000)
  object space 44032K, 35% used [0x00000000d0000000,0x00000000d0f44698,0x00000000d2b00000)
 PSPermGen       total 23040K, used 22945K [0x00000000c0000000, 0x00000000c1680000, 0x00000000d0000000)
  object space 23040K, 99% used [0x00000000c0000000,0x00000000c1668788,0x00000000c1680000)
Event: 12.228 GC heap after
Heap after GC invocations=20 (full 1):
 PSYoungGen      total 99328K, used 3238K [0x00000000f0000000, 0x00000000f6680000, 0x0000000100000000)
  eden space 93696K, 0% used [0x00000000f0000000,0x00000000f0000000,0x00000000f5b80000)
  from space 5632K, 57% used [0x00000000f5b80000,0x00000000f5ea9b88,0x00000000f6100000)
  to   space 4096K, 0% used [0x00000000f6280000,0x00000000f6280000,0x00000000f6680000)
 ParOldGen       total 44032K, used 17945K [0x00000000d0000000, 0x00000000d2b00000, 0x00000000f0000000)
  object space 44032K, 40% used [0x00000000d0000000,0x00000000d1186698,0x00000000d2b00000)
 PSPermGen       total 23040K, used 22945K [0x00000000c0000000, 0x00000000c1680000, 0x00000000d0000000)
  object space 23040K, 99% used [0x00000000c0000000,0x00000000c1668788,0x00000000c1680000)
}
Event: 13.360 GC heap before
{Heap before GC invocations=21 (full 1):
 PSYoungGen      total 99328K, used 95012K [0x00000000f0000000, 0x00000000f6680000, 0x0000000100000000)
  eden space 93696K, 97% used [0x00000000f0000000,0x00000000f599f690,0x00000000f5b80000)
  from space 5632K, 57% used [0x00000000f5b80000,0x00000000f5ea9b88,0x00000000f6100000)
  to   space 4096K, 0% used [0x00000000f6280000,0x00000000f6280000,0x00000000f6680000)
 ParOldGen       total 44032K, used 17945K [0x00000000d0000000, 0x00000000d2b00000, 0x00000000f0000000)
  object space 44032K, 40% used [0x00000000d0000000,0x00000000d1186698,0x00000000d2b00000)
 PSPermGen       total 24064K, used 23929K [0x00000000c0000000, 0x00000000c1780000, 0x00000000d0000000)
  object space 24064K, 99% used [0x00000000c0000000,0x00000000c175e678,0x00000000c1780000)
Event: 13.373 GC heap after
Heap after GC invocations=21 (full 1):
 PSYoungGen      total 97792K, used 4086K [0x00000000f0000000, 0x00000000f6680000, 0x0000000100000000)
  eden space 93696K, 0% used [0x00000000f0000000,0x00000000f0000000,0x00000000f5b80000)
  from space 4096K, 99% used [0x00000000f6280000,0x00000000f667d9f0,0x00000000f6680000)
  to   space 5632K, 0% used [0x00000000f5b80000,0x00000000f5b80000,0x00000000f6100000)
 ParOldGen       total 44032K, used 17958K [0x00000000d0000000, 0x00000000d2b00000, 0x00000000f0000000)
  object space 44032K, 40% used [0x00000000d0000000,0x00000000d1189948,0x00000000d2b00000)
 PSPermGen       total 24064K, used 23929K [0x00000000c0000000, 0x00000000c1780000, 0x00000000d0000000)
  object space 24064K, 99% used [0x00000000c0000000,0x00000000c175e678,0x00000000c1780000)
}
Event: 14.321 GC heap before
{Heap before GC invocations=22 (full 1):
 PSYoungGen      total 97792K, used 97782K [0x00000000f0000000, 0x00000000f6680000, 0x0000000100000000)
  eden space 93696K, 100% used [0x00000000f0000000,0x00000000f5b80000,0x00000000f5b80000)
  from space 4096K, 99% used [0x00000000f6280000,0x00000000f667d9f0,0x00000000f6680000)
  to   space 5632K, 0% used [0x00000000f5b80000,0x00000000f5b80000,0x00000000f6100000)
 ParOldGen       total 44032K, used 17958K [0x00000000d0000000, 0x00000000d2b00000, 0x00000000f0000000)
  object space 44032K, 40% used [0x00000000d0000000,0x00000000d1189948,0x00000000d2b00000)
 PSPermGen       total 25600K, used 25366K [0x00000000c0000000, 0x00000000c1900000, 0x00000000d0000000)
  object space 25600K, 99% used [0x00000000c0000000,0x00000000c18c59d0,0x00000000c1900000)
Event: 14.336 GC heap after
Heap after GC invocations=22 (full 1):
 PSYoungGen      total 99328K, used 4159K [0x00000000f0000000, 0x00000000f6680000, 0x0000000100000000)
  eden space 93696K, 0% used [0x00000000f0000000,0x00000000f0000000,0x00000000f5b80000)
  from space 5632K, 73% used [0x00000000f5b80000,0x00000000f5f8fdb0,0x00000000f6100000)
  to   space 4096K, 0% used [0x00000000f6280000,0x00000000f6280000,0x00000000f6680000)
 ParOldGen       total 44032K, used 19766K [0x00000000d0000000, 0x00000000d2b00000, 0x00000000f0000000)
  object space 44032K, 44% used [0x00000000d0000000,0x00000000d134d958,0x00000000d2b00000)
 PSPermGen       total 25600K, used 25366K [0x00000000c0000000, 0x00000000c1900000, 0x00000000d0000000)
  object space 25600K, 99% used [0x00000000c0000000,0x00000000c18c59d0,0x00000000c1900000)
}
Event: 15.152 GC heap before
{Heap before GC invocations=23 (full 1):
 PSYoungGen      total 99328K, used 94399K [0x00000000f0000000, 0x00000000f6680000, 0x0000000100000000)
  eden space 93696K, 96% used [0x00000000f0000000,0x00000000f5820000,0x00000000f5b80000)
  from space 5632K, 73% used [0x00000000f5b80000,0x00000000f5f8fdb0,0x00000000f6100000)
  to   space 4096K, 0% used [0x00000000f6280000,0x00000000f6280000,0x00000000f6680000)
 ParOldGen       total 44032K, used 19766K [0x00000000d0000000, 0x00000000d2b00000, 0x00000000f0000000)
  object space 44032K, 44% used [0x00000000d0000000,0x00000000d134d958,0x00000000d2b00000)
 PSPermGen       total 28160K, used 27997K [0x00000000c0000000, 0x00000000c1b80000, 0x00000000d0000000)
  object space 28160K, 99% used [0x00000000c0000000,0x00000000c1b575a8,0x00000000c1b80000)
Event: 15.163 GC heap after
Heap after GC invocations=23 (full 1):
 PSYoungGen      total 97792K, used 4071K [0x00000000f0000000, 0x00000000f6680000, 0x0000000100000000)
  eden space 93696K, 0% used [0x00000000f0000000,0x00000000f0000000,0x00000000f5b80000)
  from space 4096K, 99% used [0x00000000f6280000,0x00000000f6679fe8,0x00000000f6680000)
  to   space 5632K, 0% used [0x00000000f5b80000,0x00000000f5b80000,0x00000000f6100000)
 ParOldGen       total 44032K, used 20455K [0x00000000d0000000, 0x00000000d2b00000, 0x00000000f0000000)
  object space 44032K, 46% used [0x00000000d0000000,0x00000000d13f9e80,0x00000000d2b00000)
 PSPermGen       total 28160K, used 27997K [0x00000000c0000000, 0x00000000c1b80000, 0x00000000d0000000)
  object space 28160K, 99% used [0x00000000c0000000,0x00000000c1b575a8,0x00000000c1b80000)
}
Event: 15.654 GC heap before
{Heap before GC invocations=24 (full 1):
 PSYoungGen      total 97792K, used 90940K [0x00000000f0000000, 0x00000000f6680000, 0x0000000100000000)
  eden space 93696K, 92% used [0x00000000f0000000,0x00000000f54d5178,0x00000000f5b80000)
  from space 4096K, 99% used [0x00000000f6280000,0x00000000f6679fe8,0x00000000f6680000)
  to   space 5632K, 0% used [0x00000000f5b80000,0x00000000f5b80000,0x00000000f6100000)
 ParOldGen       total 44032K, used 20455K [0x00000000d0000000, 0x00000000d2b00000, 0x00000000f0000000)
  object space 44032K, 46% used [0x00000000d0000000,0x00000000d13f9e80,0x00000000d2b00000)
 PSPermGen       total 29184K, used 28701K [0x00000000c0000000, 0x00000000c1c80000, 0x00000000d0000000)
  object space 29184K, 98% used [0x00000000c0000000,0x00000000c1c07580,0x00000000c1c80000)
Event: 15.673 GC heap after
Heap after GC invocations=24 (full 1):
 PSYoungGen      total 99328K, used 3268K [0x00000000f0000000, 0x00000000f6680000, 0x0000000100000000)
  eden space 93696K, 0% used [0x00000000f0000000,0x00000000f0000000,0x00000000f5b80000)
  from space 5632K, 58% used [0x00000000f5b80000,0x00000000f5eb13b0,0x00000000f6100000)
  to   space 4096K, 0% used [0x00000000f6280000,0x00000000f6280000,0x00000000f6680000)
 ParOldGen       total 44032K, used 21943K [0x00000000d0000000, 0x00000000d2b00000, 0x00000000f0000000)
  object space 44032K, 49% used [0x00000000d0000000,0x00000000d156dcb0,0x00000000d2b00000)
 PSPermGen       total 29184K, used 28701K [0x00000000c0000000, 0x00000000c1c80000, 0x00000000d0000000)
  object space 29184K, 98% used [0x00000000c0000000,0x00000000c1c07580,0x00000000c1c80000)
}

Deoptimization events (10 events):
Event: 15.097 Thread 0x000000000bde1800 Uncommon trap: reason=class_check action=maybe_recompile pc=0x0000000002eae3cc method=com.sun.org.apache.xerces.internal.impl.XMLDocumentFragmentScannerImpl.scanDocument(Z)Z @ 103
Event: 15.133 Thread 0x000000000bde1800 Uncommon trap: reason=class_check action=maybe_recompile pc=0x0000000002e58f60 method=com.sun.org.apache.xerces.internal.impl.XMLDocumentFragmentScannerImpl.scanDocument(Z)Z @ 103
Event: 15.796 Thread 0x000000000bde1800 Uncommon trap: reason=bimorphic action=maybe_recompile pc=0x0000000002f39ddc method=java.util.regex.Pattern$Curly.match0(Ljava/util/regex/Matcher;IILjava/lang/CharSequence;)Z @ 77
Event: 15.818 Thread 0x000000000bde1800 Uncommon trap: reason=bimorphic action=maybe_recompile pc=0x0000000002f39ddc method=java.util.regex.Pattern$Curly.match0(Ljava/util/regex/Matcher;IILjava/lang/CharSequence;)Z @ 77
Event: 15.820 Thread 0x000000000bde1800 Uncommon trap: reason=bimorphic action=maybe_recompile pc=0x0000000002f39ddc method=java.util.regex.Pattern$Curly.match0(Ljava/util/regex/Matcher;IILjava/lang/CharSequence;)Z @ 77
Event: 15.829 Thread 0x000000000bde1800 Uncommon trap: reason=bimorphic action=maybe_recompile pc=0x0000000002f39ddc method=java.util.regex.Pattern$Curly.match0(Ljava/util/regex/Matcher;IILjava/lang/CharSequence;)Z @ 77
Event: 15.910 Thread 0x000000000bde1800 Uncommon trap: reason=class_check action=maybe_recompile pc=0x0000000002f637f4 method=sl.org.objectweb.asm.ClassReader.a(Lsl/org/objectweb/asm/MethodVisitor;Lsl/org/objectweb/asm/Context;I)V @ 2108
Event: 16.175 Thread 0x000000000bde1800 Uncommon trap: reason=class_check action=maybe_recompile pc=0x0000000002f637f4 method=sl.org.objectweb.asm.ClassReader.a(Lsl/org/objectweb/asm/MethodVisitor;Lsl/org/objectweb/asm/Context;I)V @ 2108
Event: 16.210 Thread 0x000000000bde1800 Uncommon trap: reason=unreached action=reinterpret pc=0x0000000002f4cf48 method=org.springsource.loaded.TypeRegistry.couldBeReloadable(Ljava/lang/String;)Z @ 48
Event: 16.277 Thread 0x000000000bde1800 Uncommon trap: reason=unreached action=reinterpret pc=0x0000000002edc354 method=sl.org.objectweb.asm.MethodWriter.visitLdcInsn(Ljava/lang/Object;)V @ 24

Internal exceptions (10 events):
Event: 16.210 Thread 0x000000000bde1800 Implicit null exception at 0x0000000002f4ba0d to 0x0000000002f4cf31
Event: 16.218 Thread 0x000000000bde1800 Threw 0x00000000f32e9ee8 at C:\re\jdk7u51\527\hotspot\src\share\vm\prims\jvm.cpp:1244
Event: 16.218 Thread 0x000000000bde1800 Threw 0x00000000f32eb9d8 at C:\re\jdk7u51\527\hotspot\src\share\vm\prims\jvm.cpp:1244
Event: 16.235 Thread 0x000000000bde1800 Threw 0x00000000f334a130 at C:\re\jdk7u51\527\hotspot\src\share\vm\prims\jvm.cpp:1244
Event: 16.235 Thread 0x000000000bde1800 Threw 0x00000000f334c750 at C:\re\jdk7u51\527\hotspot\src\share\vm\prims\jvm.cpp:1244
Event: 16.277 Thread 0x000000000bde1800 Implicit null exception at 0x0000000002edc034 to 0x0000000002edc349
Event: 16.283 Thread 0x000000000bde1800 Threw 0x00000000f3442e50 at C:\re\jdk7u51\527\hotspot\src\share\vm\prims\jvm.cpp:1244
Event: 16.283 Thread 0x000000000bde1800 Threw 0x00000000f3446ac8 at C:\re\jdk7u51\527\hotspot\src\share\vm\prims\jvm.cpp:1244
Event: 16.284 Thread 0x000000000bde1800 Threw 0x00000000f344d3e8 at C:\re\jdk7u51\527\hotspot\src\share\vm\prims\jvm.cpp:1244
Event: 16.285 Thread 0x000000000bde1800 Threw 0x00000000f344fa08 at C:\re\jdk7u51\527\hotspot\src\share\vm\prims\jvm.cpp:1244

Events (10 events):
Event: 16.218 loading class 0x000000000a02ace0 done
Event: 16.235 loading class 0x000000000b353240
Event: 16.235 loading class 0x000000000b353240 done
Event: 16.277 Thread 0x000000000bde1800 Uncommon trap: trap_request=0xffffffad fr.pc=0x0000000002edc354
Event: 16.277 Thread 0x000000000bde1800 DEOPT PACKING pc=0x0000000002edc354 sp=0x000000000cb4b1d0
Event: 16.277 Thread 0x000000000bde1800 DEOPT UNPACKING pc=0x0000000002ca9064 sp=0x000000000cb4b178 mode 2
Event: 16.283 loading class 0x000000000b652910
Event: 16.283 loading class 0x000000000b652910 done
Event: 16.284 loading class 0x000000000b353570
Event: 16.284 loading class 0x000000000b353570 done


Dynamic libraries:
0x000007f721c50000 - 0x000007f721c83000 	F:\space\java\jdk7\bin\java.exe
0x000007fec9520000 - 0x000007fec96de000 	C:\WINDOWS\SYSTEM32\ntdll.dll
0x000007fec6e10000 - 0x000007fec6f47000 	C:\WINDOWS\system32\KERNEL32.DLL
0x000007fec61f0000 - 0x000007fec62e4000 	C:\WINDOWS\system32\KERNELBASE.dll
0x000007fec6770000 - 0x000007fec684e000 	C:\WINDOWS\system32\ADVAPI32.dll
0x000007fec8f40000 - 0x000007fec908c000 	C:\WINDOWS\system32\USER32.dll
0x000007fec4350000 - 0x000007fec45ba000 	C:\WINDOWS\WinSxS\amd64_microsoft.windows.common-controls_6595b64144ccf1df_6.0.9200.16579_none_418ab7ef718b27ef\COMCTL32.dll
0x000007fec85d0000 - 0x000007fec8675000 	C:\WINDOWS\system32\msvcrt.dll
0x000007fec8ef0000 - 0x000007fec8f38000 	C:\WINDOWS\SYSTEM32\sechost.dll
0x000007fec8970000 - 0x000007fec8ab5000 	C:\WINDOWS\system32\RPCRT4.dll
0x000007fec6f50000 - 0x000007fec7091000 	C:\WINDOWS\system32\GDI32.dll
0x000007fec8910000 - 0x000007fec8949000 	C:\WINDOWS\system32\IMM32.DLL
0x000007fec6650000 - 0x000007fec6766000 	C:\WINDOWS\system32\MSCTF.dll
0x00000000765a0000 - 0x0000000076672000 	F:\space\java\jdk7\jre\bin\msvcr100.dll
0x0000000075dd0000 - 0x0000000076599000 	F:\space\java\jdk7\jre\bin\server\jvm.dll
0x000007fec4c70000 - 0x000007fec4c79000 	C:\WINDOWS\SYSTEM32\WSOCK32.dll
0x000007fec6360000 - 0x000007fec6380000 	C:\WINDOWS\system32\WINMM.dll
0x000007fec6c20000 - 0x000007fec6c27000 	C:\WINDOWS\system32\PSAPI.DLL
0x000007fec6bc0000 - 0x000007fec6c18000 	C:\WINDOWS\system32\WS2_32.dll
0x000007fec60b0000 - 0x000007fec60e3000 	C:\WINDOWS\system32\WINMMBASE.dll
0x000007fec70a0000 - 0x000007fec70a9000 	C:\WINDOWS\system32\NSI.dll
0x000007fec6310000 - 0x000007fec635f000 	C:\WINDOWS\SYSTEM32\cfgmgr32.dll
0x000007fec6110000 - 0x000007fec6132000 	C:\WINDOWS\system32\DEVOBJ.dll
0x0000000076700000 - 0x000000007670f000 	F:\space\java\jdk7\jre\bin\verify.dll
0x00000000766d0000 - 0x00000000766f8000 	F:\space\java\jdk7\jre\bin\java.dll
0x0000000075d30000 - 0x0000000075d53000 	F:\space\java\jdk7\jre\bin\instrument.dll
0x00000000766b0000 - 0x00000000766c5000 	F:\space\java\jdk7\jre\bin\zip.dll
0x000007fec59d0000 - 0x000007fec59ea000 	C:\WINDOWS\SYSTEM32\CRYPTSP.dll
0x000007fec5530000 - 0x000007fec557b000 	C:\WINDOWS\system32\rsaenh.dll
0x000007fec62f0000 - 0x000007fec630f000 	C:\WINDOWS\system32\USERENV.dll
0x000007fec6090000 - 0x000007fec60a5000 	C:\WINDOWS\system32\profapi.dll
0x000007fec5e90000 - 0x000007fec5e9a000 	C:\WINDOWS\SYSTEM32\CRYPTBASE.dll
0x000007fec5e30000 - 0x000007fec5e8c000 	C:\WINDOWS\SYSTEM32\bcryptPrimitives.dll
0x0000000075db0000 - 0x0000000075dc9000 	F:\space\java\jdk7\jre\bin\net.dll
0x000007fec5970000 - 0x000007fec59cc000 	C:\WINDOWS\system32\mswsock.dll
0x000007febab40000 - 0x000007febab54000 	C:\WINDOWS\system32\napinsp.dll
0x000007febab60000 - 0x000007febab78000 	C:\WINDOWS\system32\pnrpnsp.dll
0x000007fec3b90000 - 0x000007fec3ba6000 	C:\WINDOWS\system32\NLAapi.dll
0x000007fec5690000 - 0x000007fec5728000 	C:\WINDOWS\SYSTEM32\DNSAPI.dll
0x000007febab80000 - 0x000007febab92000 	C:\WINDOWS\System32\winrnr.dll
0x000007febac60000 - 0x000007febac68000 	C:\Windows\System32\rasadhlp.dll
0x000007fec2ee0000 - 0x000007fec2f0a000 	C:\WINDOWS\SYSTEM32\IPHLPAPI.DLL
0x000007fec2eb0000 - 0x000007fec2eba000 	C:\WINDOWS\SYSTEM32\WINNSI.DLL
0x000007fec0470000 - 0x000007fec04d1000 	C:\WINDOWS\System32\fwpuclnt.dll
0x0000000075d90000 - 0x0000000075da1000 	F:\space\java\jdk7\jre\bin\nio.dll
0x000007fec1f80000 - 0x000007fec1f8a000 	C:\Users\lvchanglong\AppData\Local\Temp\jansi-64-2922865488176424801.dll
0x0000000075d20000 - 0x0000000075d2b000 	F:\space\java\jdk7\jre\bin\management.dll

VM Arguments:
jvm_args: -Dfile.encoding=UTF-8 -Xmx768M -Xms64M -XX:MaxPermSize=256m -Dgrails.fork.parent.process.port=64328 -Dgrails.fork.active=true -Dgrails.build.execution.context=C:\Users\lvchanglong\AppData\Local\Temp\main-tank6286182840797680419grails-execution-context -Dgrails.home=F:\ggts-bundle\grails-2.4.3 -javaagent:F:\ggts-bundle\grails-2.4.3\lib\org.springframework\springloaded\jars\springloaded-1.2.0.RELEASE.jar -Xverify:none -Dspringloaded.synchronize=true -Djdk.reflect.allowGetCallerClass=true -Dspringloaded=profile=grails;cacheDir=C:\Users\lvchanglong\.grails\2.4.3 
java_command: org.grails.plugins.tomcat.fork.ForkedTomcatServer
Launcher Type: SUN_STANDARD

Environment Variables:
JAVA_HOME=F:\space\java\jdk7
PATH=C:\Program Files (x86)\NVIDIA Corporation\PhysX\Common;C:\WINDOWS\system32;C:\WINDOWS;C:\WINDOWS\System32\Wbem;C:\WINDOWS\System32\WindowsPowerShell\v1.0\;C:\Program Files (x86)\Autodesk\Backburner\;C:\Program Files\Common Files\Autodesk Shared\;E:\Program Files\MySQL\MySQL Utilities 1.3.5\;E:\Program Files\MySQL\MySQL Server 5.7\bin;
USERNAME=lvchanglong
OS=Windows_NT
PROCESSOR_IDENTIFIER=Intel64 Family 6 Model 23 Stepping 10, GenuineIntel



---------------  S Y S T E M  ---------------

OS: Windows 8 , 64 bit Build 9200 

CPU:total 2 (2 cores per cpu, 1 threads per core) family 6 model 23 stepping 10, cmov, cx8, fxsr, mmx, sse, sse2, sse3, ssse3, sse4.1, tsc

Memory: 4k page, physical 4160384k(774896k free), swap 8256384k(5260k free)

vm_info: Java HotSpot(TM) 64-Bit Server VM (24.51-b03) for windows-amd64 JRE (1.7.0_51-b13), built on Dec 18 2013 18:40:56 by "java_re" with unknown MS VC++:1600

time: Thu Oct 02 16:26:56 2014
elapsed time: 16 seconds

